<!DOCTYPE html PUBLIC "-//W3C//DTD XHTML 1.1//EN" "http://www.w3.org/TR/xhtml11/DTD/xhtml11.dtd">
<html xmlns="http://www.w3.org/1999/xhtml"><head><title>TestNG Report</title><style type="text/css">table {margin-bottom:10px;border-collapse:collapse;empty-cells:show}th,td {border:1px solid #009;padding:.25em .5em}th {vertical-align:bottom}td {vertical-align:top}table a {font-weight:bold}.stripe td {background-color: #E6EBF9}.num {text-align:right}.passedodd td {background-color: #3F3}.passedeven td {background-color: #0A0}.skippedodd td {background-color: #DDD}.skippedeven td {background-color: #CCC}.failedodd td,.attn {background-color: #F33}.failedeven td,.stripe .attn {background-color: #D00}.stacktrace {white-space:pre;font-family:monospace}.totop {font-size:85%;text-align:center;border-bottom:2px solid #000}</style></head><body><table><tr><th>Test</th><th># Passed</th><th># Skipped</th><th># Failed</th><th>Time (ms)</th><th>Included Groups</th><th>Excluded Groups</th></tr><tr><th colspan="7">Default suite</th></tr><tr><td><a href="#t0">Default test</a></td><td class="num">0</td><td class="num attn">17</td><td class="num">0</td><td class="num">127,198</td><td></td><td></td></tr></table><table><thead><tr><th>Class</th><th>Method</th><th>Start</th><th>Time (ms)</th></tr></thead><tbody><tr><th colspan="4">Default suite</th></tr></tbody><tbody id="t0"><tr><th colspan="4">Default test &#8212; failed (configuration methods)</th></tr><tr class="failedeven"><td rowspan="1">RamTestCases.Login</td><td><a href="#m0">beforeClass</a></td><td rowspan="1">1592994174830</td><td rowspan="1">0</td></tr><tr><th colspan="4">Default test &#8212; skipped (configuration methods)</th></tr><tr class="skippedeven"><td rowspan="35">RamTestCases.Login</td><td><a href="#m1">End</a></td><td rowspan="1">1592994302011</td><td rowspan="1">0</td></tr><tr class="skippedeven"><td><a href="#m2">afterMethod</a></td><td rowspan="17">1592994301969</td><td rowspan="17">0</td></tr><tr class="skippedeven"><td><a href="#m3">afterMethod</a></td></tr><tr class="skippedeven"><td><a href="#m4">afterMethod</a></td></tr><tr class="skippedeven"><td><a href="#m5">afterMethod</a></td></tr><tr class="skippedeven"><td><a href="#m6">afterMethod</a></td></tr><tr class="skippedeven"><td><a href="#m7">afterMethod</a></td></tr><tr class="skippedeven"><td><a href="#m8">afterMethod</a></td></tr><tr class="skippedeven"><td><a href="#m9">afterMethod</a></td></tr><tr class="skippedeven"><td><a href="#m10">afterMethod</a></td></tr><tr class="skippedeven"><td><a href="#m11">afterMethod</a></td></tr><tr class="skippedeven"><td><a href="#m12">afterMethod</a></td></tr><tr class="skippedeven"><td><a href="#m13">afterMethod</a></td></tr><tr class="skippedeven"><td><a href="#m14">afterMethod</a></td></tr><tr class="skippedeven"><td><a href="#m15">afterMethod</a></td></tr><tr class="skippedeven"><td><a href="#m16">afterMethod</a></td></tr><tr class="skippedeven"><td><a href="#m17">afterMethod</a></td></tr><tr class="skippedeven"><td><a href="#m18">afterMethod</a></td></tr><tr class="skippedeven"><td><a href="#m19">beforeMethod</a></td><td rowspan="17">1592994302005</td><td rowspan="17">0</td></tr><tr class="skippedeven"><td><a href="#m20">beforeMethod</a></td></tr><tr class="skippedeven"><td><a href="#m21">beforeMethod</a></td></tr><tr class="skippedeven"><td><a href="#m22">beforeMethod</a></td></tr><tr class="skippedeven"><td><a href="#m23">beforeMethod</a></td></tr><tr class="skippedeven"><td><a href="#m24">beforeMethod</a></td></tr><tr class="skippedeven"><td><a href="#m25">beforeMethod</a></td></tr><tr class="skippedeven"><td><a href="#m26">beforeMethod</a></td></tr><tr class="skippedeven"><td><a href="#m27">beforeMethod</a></td></tr><tr class="skippedeven"><td><a href="#m28">beforeMethod</a></td></tr><tr class="skippedeven"><td><a href="#m29">beforeMethod</a></td></tr><tr class="skippedeven"><td><a href="#m30">beforeMethod</a></td></tr><tr class="skippedeven"><td><a href="#m31">beforeMethod</a></td></tr><tr class="skippedeven"><td><a href="#m32">beforeMethod</a></td></tr><tr class="skippedeven"><td><a href="#m33">beforeMethod</a></td></tr><tr class="skippedeven"><td><a href="#m34">beforeMethod</a></td></tr><tr class="skippedeven"><td><a href="#m35">beforeMethod</a></td></tr><tr><th colspan="4">Default test &#8212; skipped</th></tr><tr class="skippedeven"><td rowspan="17">RamTestCases.Login</td><td><a href="#m36">AtTheHub</a></td><td rowspan="1">1592994301903</td><td rowspan="1">2</td></tr><tr class="skippedeven"><td><a href="#m37">InValidVehicleID</a></td><td rowspan="1">1592994301983</td><td rowspan="1">1</td></tr><tr class="skippedeven"><td><a href="#m38">InvalidConfirmNoOfParcel</a></td><td rowspan="1">1592994301972</td><td rowspan="1">1</td></tr><tr class="skippedeven"><td><a href="#m39">InvalidManifestID</a></td><td rowspan="1">1592994301960</td><td rowspan="1">1</td></tr><tr class="skippedeven"><td><a href="#m40">InvalidOdoMeterReading</a></td><td rowspan="1">1592994301994</td><td rowspan="1">1</td></tr><tr class="skippedeven"><td><a href="#m41">InvalidProceedToScan</a></td><td rowspan="1">1592994301948</td><td rowspan="1">2</td></tr><tr class="skippedeven"><td><a href="#m42">LoginInValidCrewMemberID</a></td><td rowspan="1">1592994301936</td><td rowspan="1">1</td></tr><tr class="skippedeven"><td><a href="#m43">LoginInvalidEnter12DigitId</a></td><td rowspan="1">1592994301913</td><td rowspan="1">1</td></tr><tr class="skippedeven"><td><a href="#m44">LoginInvalidEnter14DigitId</a></td><td rowspan="1">1592994301924</td><td rowspan="1">1</td></tr><tr class="skippedeven"><td><a href="#m45">LoginValidCrewMemberID</a></td><td rowspan="1">1592994301941</td><td rowspan="1">1</td></tr><tr class="skippedeven"><td><a href="#m46">LoginValidDriverID</a></td><td rowspan="1">1592994301929</td><td rowspan="1">1</td></tr><tr class="skippedeven"><td><a href="#m47">TapOnOnTheRoad</a></td><td rowspan="1">1592994302007</td><td rowspan="1">1</td></tr><tr class="skippedeven"><td><a href="#m48">ValidConfirmNoOfParcel</a></td><td rowspan="1">1592994301977</td><td rowspan="1">1</td></tr><tr class="skippedeven"><td><a href="#m49">ValidManifestID</a></td><td rowspan="1">1592994301967</td><td rowspan="1">1</td></tr><tr class="skippedeven"><td><a href="#m50">ValidOdoMeterReading</a></td><td rowspan="1">1592994302000</td><td rowspan="1">1</td></tr><tr class="skippedeven"><td><a href="#m51">ValidProceedToScan</a></td><td rowspan="1">1592994301955</td><td rowspan="1">1</td></tr><tr class="skippedeven"><td><a href="#m52">ValidVehicleID</a></td><td rowspan="1">1592994301989</td><td rowspan="1">1</td></tr></tbody></table><h2>Default test</h2><h3 id="m0">RamTestCases.Login#beforeClass</h3><table class="result"><tr><th>Exception</th></tr><tr><td><div class="stacktrace">org.openqa.selenium.SessionNotCreatedException: Unable to create a new remote session. Please check the server log for more details. Original error: An unknown server-side error occurred while processing the command. Original error: Error executing adbExec. Original error: &apos;Command &apos;C:\\Users\\nasreenk\\AppData\\Local\\Android\\Sdk\\tools\\adb.exe -P 5037 -s 8SSCCMUCKV7SIVRG shell pm install /data/local/tmp/appium_cache/0ffb793d19257d3d08ad2d0ef7342bc229296741.apk&apos; timed out after 90000ms&apos;. Try to increase the 90000ms adb execution timeout represented by &apos;androidInstallTimeout&apos; capability
Build info: version: &apos;3.141.59&apos;, revision: &apos;e82be7d358&apos;, time: &apos;2018-11-14T08:25:53&apos;
System info: host: &apos;WJLP-1098&apos;, ip: &apos;192.168.65.1&apos;, os.name: &apos;Windows 8.1&apos;, os.arch: &apos;x86&apos;, os.version: &apos;6.3&apos;, java.version: &apos;1.8.0_25&apos;
Driver info: driver.version: AndroidDriver
remote stacktrace: UnknownError: An unknown server-side error occurred while processing the command. Original error: Error executing adbExec. Original error: &apos;Command &apos;C:\\Users\\nasreenk\\AppData\\Local\\Android\\Sdk\\tools\\adb.exe -P 5037 -s 8SSCCMUCKV7SIVRG shell pm install /data/local/tmp/appium_cache/0ffb793d19257d3d08ad2d0ef7342bc229296741.apk&apos; timed out after 90000ms&apos;. Try to increase the 90000ms adb execution timeout represented by &apos;androidInstallTimeout&apos; capability
    at getResponseForW3CError (C:\Program Files\Appium\resources\app\node_modules\appium\node_modules\appium-base-driver\lib\protocol\errors.js:804:9)
    at asyncHandler (C:\Program Files\Appium\resources\app\node_modules\appium\node_modules\appium-base-driver\lib\protocol\protocol.js:388:37)
    at process._tickCallback (internal/process/next_tick.js:68:7)
Build info: version: &apos;3.141.59&apos;, revision: &apos;e82be7d358&apos;, time: &apos;2018-11-14T08:25:53&apos;
System info: host: &apos;WJLP-1098&apos;, ip: &apos;192.168.65.1&apos;, os.name: &apos;Windows 8.1&apos;, os.arch: &apos;x86&apos;, os.version: &apos;6.3&apos;, java.version: &apos;1.8.0_25&apos;
Driver info: driver.version: AndroidDriver
	at io.appium.java_client.remote.AppiumCommandExecutor$1.createSession(AppiumCommandExecutor.java:208)
	at io.appium.java_client.remote.AppiumCommandExecutor.createSession(AppiumCommandExecutor.java:217)
	at io.appium.java_client.remote.AppiumCommandExecutor.execute(AppiumCommandExecutor.java:239)
	at org.openqa.selenium.remote.RemoteWebDriver.execute(RemoteWebDriver.java:552)
	at io.appium.java_client.DefaultGenericMobileDriver.execute(DefaultGenericMobileDriver.java:41)
	at io.appium.java_client.AppiumDriver.execute(AppiumDriver.java:1)
	at io.appium.java_client.android.AndroidDriver.execute(AndroidDriver.java:1)
	at org.openqa.selenium.remote.RemoteWebDriver.startSession(RemoteWebDriver.java:213)
	at io.appium.java_client.AppiumDriver.startSession(AppiumDriver.java:336)
	at org.openqa.selenium.remote.RemoteWebDriver.&lt;init&gt;(RemoteWebDriver.java:131)
	at io.appium.java_client.DefaultGenericMobileDriver.&lt;init&gt;(DefaultGenericMobileDriver.java:37)
	at io.appium.java_client.AppiumDriver.&lt;init&gt;(AppiumDriver.java:88)
	at io.appium.java_client.AppiumDriver.&lt;init&gt;(AppiumDriver.java:98)
	at io.appium.java_client.android.AndroidDriver.&lt;init&gt;(AndroidDriver.java:94)
	at RamTestCases.Login.beforeClass(Login.java:72)
	at sun.reflect.NativeMethodAccessorImpl.invoke0(Native Method)
	at sun.reflect.NativeMethodAccessorImpl.invoke(Unknown Source)
	at sun.reflect.DelegatingMethodAccessorImpl.invoke(Unknown Source)
	at java.lang.reflect.Method.invoke(Unknown Source)
	at org.testng.internal.MethodInvocationHelper.invokeMethod(MethodInvocationHelper.java:86)
	at org.testng.internal.Invoker.invokeConfigurationMethod(Invoker.java:514)
	at org.testng.internal.Invoker.invokeConfigurations(Invoker.java:215)
	at org.testng.internal.Invoker.invokeConfigurations(Invoker.java:142)
	at org.testng.internal.TestMethodWorker.invokeBeforeClassMethods(TestMethodWorker.java:178)
	at org.testng.internal.TestMethodWorker.run(TestMethodWorker.java:108)
	at org.testng.TestRunner.privateRun(TestRunner.java:782)
	at org.testng.TestRunner.run(TestRunner.java:632)
	at org.testng.SuiteRunner.runTest(SuiteRunner.java:366)
	at org.testng.SuiteRunner.runSequentially(SuiteRunner.java:361)
	at org.testng.SuiteRunner.privateRun(SuiteRunner.java:319)
	at org.testng.SuiteRunner.run(SuiteRunner.java:268)
	at org.testng.SuiteRunnerWorker.runSuite(SuiteRunnerWorker.java:52)
	at org.testng.SuiteRunnerWorker.run(SuiteRunnerWorker.java:86)
	at org.testng.TestNG.runSuitesSequentially(TestNG.java:1244)
	at org.testng.TestNG.runSuitesLocally(TestNG.java:1169)
	at org.testng.TestNG.run(TestNG.java:1064)
	at org.testng.remote.RemoteTestNG.run(RemoteTestNG.java:113)
	at org.testng.remote.RemoteTestNG.initAndRun(RemoteTestNG.java:206)
	at org.testng.remote.RemoteTestNG.main(RemoteTestNG.java:177)
Caused by: java.lang.reflect.InvocationTargetException
	at sun.reflect.NativeMethodAccessorImpl.invoke0(Native Method)
	at sun.reflect.NativeMethodAccessorImpl.invoke(Unknown Source)
	at sun.reflect.DelegatingMethodAccessorImpl.invoke(Unknown Source)
	at java.lang.reflect.Method.invoke(Unknown Source)
	at io.appium.java_client.remote.AppiumCommandExecutor$1.createSession(AppiumCommandExecutor.java:186)
	... 38 more
Caused by: org.openqa.selenium.WebDriverException: An unknown server-side error occurred while processing the command. Original error: Error executing adbExec. Original error: &apos;Command &apos;C:\\Users\\nasreenk\\AppData\\Local\\Android\\Sdk\\tools\\adb.exe -P 5037 -s 8SSCCMUCKV7SIVRG shell pm install /data/local/tmp/appium_cache/0ffb793d19257d3d08ad2d0ef7342bc229296741.apk&apos; timed out after 90000ms&apos;. Try to increase the 90000ms adb execution timeout represented by &apos;androidInstallTimeout&apos; capability
Build info: version: &apos;3.141.59&apos;, revision: &apos;e82be7d358&apos;, time: &apos;2018-11-14T08:25:53&apos;
System info: host: &apos;WJLP-1098&apos;, ip: &apos;192.168.65.1&apos;, os.name: &apos;Windows 8.1&apos;, os.arch: &apos;x86&apos;, os.version: &apos;6.3&apos;, java.version: &apos;1.8.0_25&apos;
Driver info: driver.version: AndroidDriver
remote stacktrace: UnknownError: An unknown server-side error occurred while processing the command. Original error: Error executing adbExec. Original error: &apos;Command &apos;C:\\Users\\nasreenk\\AppData\\Local\\Android\\Sdk\\tools\\adb.exe -P 5037 -s 8SSCCMUCKV7SIVRG shell pm install /data/local/tmp/appium_cache/0ffb793d19257d3d08ad2d0ef7342bc229296741.apk&apos; timed out after 90000ms&apos;. Try to increase the 90000ms adb execution timeout represented by &apos;androidInstallTimeout&apos; capability
    at getResponseForW3CError (C:\Program Files\Appium\resources\app\node_modules\appium\node_modules\appium-base-driver\lib\protocol\errors.js:804:9)
    at asyncHandler (C:\Program Files\Appium\resources\app\node_modules\appium\node_modules\appium-base-driver\lib\protocol\protocol.js:388:37)
    at process._tickCallback (internal/process/next_tick.js:68:7)
	at sun.reflect.NativeConstructorAccessorImpl.newInstance0(Native Method)
	at sun.reflect.NativeConstructorAccessorImpl.newInstance(Unknown Source)
	at sun.reflect.DelegatingConstructorAccessorImpl.newInstance(Unknown Source)
	at java.lang.reflect.Constructor.newInstance(Unknown Source)
	at org.openqa.selenium.remote.W3CHandshakeResponse.lambda$errorHandler$0(W3CHandshakeResponse.java:62)
	at org.openqa.selenium.remote.W3CHandshakeResponse$$Lambda$190/8798458.apply(Unknown Source)
	at org.openqa.selenium.remote.HandshakeResponse.lambda$getResponseFunction$0(HandshakeResponse.java:30)
	at org.openqa.selenium.remote.HandshakeResponse$$Lambda$185/26141918.apply(Unknown Source)
	at org.openqa.selenium.remote.ProtocolHandshake.lambda$createSession$0(ProtocolHandshake.java:126)
	at org.openqa.selenium.remote.ProtocolHandshake$$Lambda$186/22144052.apply(Unknown Source)
	at java.util.stream.ReferencePipeline$3$1.accept(Unknown Source)
	at java.util.Spliterators$ArraySpliterator.tryAdvance(Unknown Source)
	at java.util.stream.ReferencePipeline.forEachWithCancel(Unknown Source)
	at java.util.stream.AbstractPipeline.copyIntoWithCancel(Unknown Source)
	at java.util.stream.AbstractPipeline.copyInto(Unknown Source)
	at java.util.stream.AbstractPipeline.wrapAndCopyInto(Unknown Source)
	at java.util.stream.FindOps$FindOp.evaluateSequential(Unknown Source)
	at java.util.stream.AbstractPipeline.evaluate(Unknown Source)
	at java.util.stream.ReferencePipeline.findFirst(Unknown Source)
	at org.openqa.selenium.remote.ProtocolHandshake.createSession(ProtocolHandshake.java:128)
	... 43 more
</div></td></tr></table><p class="totop"><a href="#summary">back to summary</a></p><h3 id="m1">RamTestCases.Login#End</h3><table class="result"></table><p class="totop"><a href="#summary">back to summary</a></p><h3 id="m2">RamTestCases.Login#afterMethod</h3><table class="result"></table><p class="totop"><a href="#summary">back to summary</a></p><h3 id="m3">RamTestCases.Login#afterMethod</h3><table class="result"></table><p class="totop"><a href="#summary">back to summary</a></p><h3 id="m4">RamTestCases.Login#afterMethod</h3><table class="result"></table><p class="totop"><a href="#summary">back to summary</a></p><h3 id="m5">RamTestCases.Login#afterMethod</h3><table class="result"></table><p class="totop"><a href="#summary">back to summary</a></p><h3 id="m6">RamTestCases.Login#afterMethod</h3><table class="result"></table><p class="totop"><a href="#summary">back to summary</a></p><h3 id="m7">RamTestCases.Login#afterMethod</h3><table class="result"></table><p class="totop"><a href="#summary">back to summary</a></p><h3 id="m8">RamTestCases.Login#afterMethod</h3><table class="result"></table><p class="totop"><a href="#summary">back to summary</a></p><h3 id="m9">RamTestCases.Login#afterMethod</h3><table class="result"></table><p class="totop"><a href="#summary">back to summary</a></p><h3 id="m10">RamTestCases.Login#afterMethod</h3><table class="result"></table><p class="totop"><a href="#summary">back to summary</a></p><h3 id="m11">RamTestCases.Login#afterMethod</h3><table class="result"></table><p class="totop"><a href="#summary">back to summary</a></p><h3 id="m12">RamTestCases.Login#afterMethod</h3><table class="result"></table><p class="totop"><a href="#summary">back to summary</a></p><h3 id="m13">RamTestCases.Login#afterMethod</h3><table class="result"></table><p class="totop"><a href="#summary">back to summary</a></p><h3 id="m14">RamTestCases.Login#afterMethod</h3><table class="result"></table><p class="totop"><a href="#summary">back to summary</a></p><h3 id="m15">RamTestCases.Login#afterMethod</h3><table class="result"></table><p class="totop"><a href="#summary">back to summary</a></p><h3 id="m16">RamTestCases.Login#afterMethod</h3><table class="result"></table><p class="totop"><a href="#summary">back to summary</a></p><h3 id="m17">RamTestCases.Login#afterMethod</h3><table class="result"></table><p class="totop"><a href="#summary">back to summary</a></p><h3 id="m18">RamTestCases.Login#afterMethod</h3><table class="result"></table><p class="totop"><a href="#summary">back to summary</a></p><h3 id="m19">RamTestCases.Login#beforeMethod</h3><table class="result"></table><p class="totop"><a href="#summary">back to summary</a></p><h3 id="m20">RamTestCases.Login#beforeMethod</h3><table class="result"></table><p class="totop"><a href="#summary">back to summary</a></p><h3 id="m21">RamTestCases.Login#beforeMethod</h3><table class="result"></table><p class="totop"><a href="#summary">back to summary</a></p><h3 id="m22">RamTestCases.Login#beforeMethod</h3><table class="result"></table><p class="totop"><a href="#summary">back to summary</a></p><h3 id="m23">RamTestCases.Login#beforeMethod</h3><table class="result"></table><p class="totop"><a href="#summary">back to summary</a></p><h3 id="m24">RamTestCases.Login#beforeMethod</h3><table class="result"></table><p class="totop"><a href="#summary">back to summary</a></p><h3 id="m25">RamTestCases.Login#beforeMethod</h3><table class="result"></table><p class="totop"><a href="#summary">back to summary</a></p><h3 id="m26">RamTestCases.Login#beforeMethod</h3><table class="result"></table><p class="totop"><a href="#summary">back to summary</a></p><h3 id="m27">RamTestCases.Login#beforeMethod</h3><table class="result"></table><p class="totop"><a href="#summary">back to summary</a></p><h3 id="m28">RamTestCases.Login#beforeMethod</h3><table class="result"></table><p class="totop"><a href="#summary">back to summary</a></p><h3 id="m29">RamTestCases.Login#beforeMethod</h3><table class="result"></table><p class="totop"><a href="#summary">back to summary</a></p><h3 id="m30">RamTestCases.Login#beforeMethod</h3><table class="result"></table><p class="totop"><a href="#summary">back to summary</a></p><h3 id="m31">RamTestCases.Login#beforeMethod</h3><table class="result"></table><p class="totop"><a href="#summary">back to summary</a></p><h3 id="m32">RamTestCases.Login#beforeMethod</h3><table class="result"></table><p class="totop"><a href="#summary">back to summary</a></p><h3 id="m33">RamTestCases.Login#beforeMethod</h3><table class="result"></table><p class="totop"><a href="#summary">back to summary</a></p><h3 id="m34">RamTestCases.Login#beforeMethod</h3><table class="result"></table><p class="totop"><a href="#summary">back to summary</a></p><h3 id="m35">RamTestCases.Login#beforeMethod</h3><table class="result"></table><p class="totop"><a href="#summary">back to summary</a></p><h3 id="m36">RamTestCases.Login#AtTheHub</h3><table class="result"></table><p class="totop"><a href="#summary">back to summary</a></p><h3 id="m37">RamTestCases.Login#InValidVehicleID</h3><table class="result"></table><p class="totop"><a href="#summary">back to summary</a></p><h3 id="m38">RamTestCases.Login#InvalidConfirmNoOfParcel</h3><table class="result"></table><p class="totop"><a href="#summary">back to summary</a></p><h3 id="m39">RamTestCases.Login#InvalidManifestID</h3><table class="result"></table><p class="totop"><a href="#summary">back to summary</a></p><h3 id="m40">RamTestCases.Login#InvalidOdoMeterReading</h3><table class="result"></table><p class="totop"><a href="#summary">back to summary</a></p><h3 id="m41">RamTestCases.Login#InvalidProceedToScan</h3><table class="result"></table><p class="totop"><a href="#summary">back to summary</a></p><h3 id="m42">RamTestCases.Login#LoginInValidCrewMemberID</h3><table class="result"></table><p class="totop"><a href="#summary">back to summary</a></p><h3 id="m43">RamTestCases.Login#LoginInvalidEnter12DigitId</h3><table class="result"></table><p class="totop"><a href="#summary">back to summary</a></p><h3 id="m44">RamTestCases.Login#LoginInvalidEnter14DigitId</h3><table class="result"></table><p class="totop"><a href="#summary">back to summary</a></p><h3 id="m45">RamTestCases.Login#LoginValidCrewMemberID</h3><table class="result"></table><p class="totop"><a href="#summary">back to summary</a></p><h3 id="m46">RamTestCases.Login#LoginValidDriverID</h3><table class="result"></table><p class="totop"><a href="#summary">back to summary</a></p><h3 id="m47">RamTestCases.Login#TapOnOnTheRoad</h3><table class="result"></table><p class="totop"><a href="#summary">back to summary</a></p><h3 id="m48">RamTestCases.Login#ValidConfirmNoOfParcel</h3><table class="result"></table><p class="totop"><a href="#summary">back to summary</a></p><h3 id="m49">RamTestCases.Login#ValidManifestID</h3><table class="result"></table><p class="totop"><a href="#summary">back to summary</a></p><h3 id="m50">RamTestCases.Login#ValidOdoMeterReading</h3><table class="result"></table><p class="totop"><a href="#summary">back to summary</a></p><h3 id="m51">RamTestCases.Login#ValidProceedToScan</h3><table class="result"></table><p class="totop"><a href="#summary">back to summary</a></p><h3 id="m52">RamTestCases.Login#ValidVehicleID</h3><table class="result"></table><p class="totop"><a href="#summary">back to summary</a></p></body></html>