<?xml version="1.0" encoding="UTF-8"?>
<testng-results skipped="17" failed="0" total="17" passed="0">
  <reporter-output>
  </reporter-output>
  <suite name="Default suite" duration-ms="127198" started-at="2020-06-24T10:22:54Z" finished-at="2020-06-24T10:25:02Z">
    <groups>
    </groups>
    <test name="Default test" duration-ms="127198" started-at="2020-06-24T10:22:54Z" finished-at="2020-06-24T10:25:02Z">
      <class name="RamTestCases.Login">
        <test-method status="PASS" signature="beforeSuite()[pri:0, instance:RamTestCases.Login@d2e7d9]" name="beforeSuite" is-config="true" duration-ms="538" started-at="2020-06-24T15:52:54Z" finished-at="2020-06-24T15:52:54Z">
          <reporter-output>
          </reporter-output>
        </test-method> <!-- beforeSuite -->
        <test-method status="FAIL" signature="beforeClass()[pri:0, instance:RamTestCases.Login@d2e7d9]" name="beforeClass" is-config="true" duration-ms="0" started-at="2020-06-24T15:52:54Z" finished-at="2020-06-24T15:52:54Z">
          <exception class="org.openqa.selenium.SessionNotCreatedException">
            <message>
              <![CDATA[Unable to create a new remote session. Please check the server log for more details. Original error: An unknown server-side error occurred while processing the command. Original error: Error executing adbExec. Original error: 'Command 'C:\\Users\\nasreenk\\AppData\\Local\\Android\\Sdk\\tools\\adb.exe -P 5037 -s 8SSCCMUCKV7SIVRG shell pm install /data/local/tmp/appium_cache/0ffb793d19257d3d08ad2d0ef7342bc229296741.apk' timed out after 90000ms'. Try to increase the 90000ms adb execution timeout represented by 'androidInstallTimeout' capability
Build info: version: '3.141.59', revision: 'e82be7d358', time: '2018-11-14T08:25:53'
System info: host: 'WJLP-1098', ip: '192.168.65.1', os.name: 'Windows 8.1', os.arch: 'x86', os.version: '6.3', java.version: '1.8.0_25'
Driver info: driver.version: AndroidDriver
remote stacktrace: UnknownError: An unknown server-side error occurred while processing the command. Original error: Error executing adbExec. Original error: 'Command 'C:\\Users\\nasreenk\\AppData\\Local\\Android\\Sdk\\tools\\adb.exe -P 5037 -s 8SSCCMUCKV7SIVRG shell pm install /data/local/tmp/appium_cache/0ffb793d19257d3d08ad2d0ef7342bc229296741.apk' timed out after 90000ms'. Try to increase the 90000ms adb execution timeout represented by 'androidInstallTimeout' capability
    at getResponseForW3CError (C:\Program Files\Appium\resources\app\node_modules\appium\node_modules\appium-base-driver\lib\protocol\errors.js:804:9)
    at asyncHandler (C:\Program Files\Appium\resources\app\node_modules\appium\node_modules\appium-base-driver\lib\protocol\protocol.js:388:37)
    at process._tickCallback (internal/process/next_tick.js:68:7)
Build info: version: '3.141.59', revision: 'e82be7d358', time: '2018-11-14T08:25:53'
System info: host: 'WJLP-1098', ip: '192.168.65.1', os.name: 'Windows 8.1', os.arch: 'x86', os.version: '6.3', java.version: '1.8.0_25'
Driver info: driver.version: AndroidDriver]]>
            </message>
            <full-stacktrace>
              <![CDATA[org.openqa.selenium.SessionNotCreatedException: Unable to create a new remote session. Please check the server log for more details. Original error: An unknown server-side error occurred while processing the command. Original error: Error executing adbExec. Original error: 'Command 'C:\\Users\\nasreenk\\AppData\\Local\\Android\\Sdk\\tools\\adb.exe -P 5037 -s 8SSCCMUCKV7SIVRG shell pm install /data/local/tmp/appium_cache/0ffb793d19257d3d08ad2d0ef7342bc229296741.apk' timed out after 90000ms'. Try to increase the 90000ms adb execution timeout represented by 'androidInstallTimeout' capability
Build info: version: '3.141.59', revision: 'e82be7d358', time: '2018-11-14T08:25:53'
System info: host: 'WJLP-1098', ip: '192.168.65.1', os.name: 'Windows 8.1', os.arch: 'x86', os.version: '6.3', java.version: '1.8.0_25'
Driver info: driver.version: AndroidDriver
remote stacktrace: UnknownError: An unknown server-side error occurred while processing the command. Original error: Error executing adbExec. Original error: 'Command 'C:\\Users\\nasreenk\\AppData\\Local\\Android\\Sdk\\tools\\adb.exe -P 5037 -s 8SSCCMUCKV7SIVRG shell pm install /data/local/tmp/appium_cache/0ffb793d19257d3d08ad2d0ef7342bc229296741.apk' timed out after 90000ms'. Try to increase the 90000ms adb execution timeout represented by 'androidInstallTimeout' capability
    at getResponseForW3CError (C:\Program Files\Appium\resources\app\node_modules\appium\node_modules\appium-base-driver\lib\protocol\errors.js:804:9)
    at asyncHandler (C:\Program Files\Appium\resources\app\node_modules\appium\node_modules\appium-base-driver\lib\protocol\protocol.js:388:37)
    at process._tickCallback (internal/process/next_tick.js:68:7)
Build info: version: '3.141.59', revision: 'e82be7d358', time: '2018-11-14T08:25:53'
System info: host: 'WJLP-1098', ip: '192.168.65.1', os.name: 'Windows 8.1', os.arch: 'x86', os.version: '6.3', java.version: '1.8.0_25'
Driver info: driver.version: AndroidDriver
	at io.appium.java_client.remote.AppiumCommandExecutor$1.createSession(AppiumCommandExecutor.java:208)
	at io.appium.java_client.remote.AppiumCommandExecutor.createSession(AppiumCommandExecutor.java:217)
	at io.appium.java_client.remote.AppiumCommandExecutor.execute(AppiumCommandExecutor.java:239)
	at org.openqa.selenium.remote.RemoteWebDriver.execute(RemoteWebDriver.java:552)
	at io.appium.java_client.DefaultGenericMobileDriver.execute(DefaultGenericMobileDriver.java:41)
	at io.appium.java_client.AppiumDriver.execute(AppiumDriver.java:1)
	at io.appium.java_client.android.AndroidDriver.execute(AndroidDriver.java:1)
	at org.openqa.selenium.remote.RemoteWebDriver.startSession(RemoteWebDriver.java:213)
	at io.appium.java_client.AppiumDriver.startSession(AppiumDriver.java:336)
	at org.openqa.selenium.remote.RemoteWebDriver.<init>(RemoteWebDriver.java:131)
	at io.appium.java_client.DefaultGenericMobileDriver.<init>(DefaultGenericMobileDriver.java:37)
	at io.appium.java_client.AppiumDriver.<init>(AppiumDriver.java:88)
	at io.appium.java_client.AppiumDriver.<init>(AppiumDriver.java:98)
	at io.appium.java_client.android.AndroidDriver.<init>(AndroidDriver.java:94)
	at RamTestCases.Login.beforeClass(Login.java:72)
	at sun.reflect.NativeMethodAccessorImpl.invoke0(Native Method)
	at sun.reflect.NativeMethodAccessorImpl.invoke(Unknown Source)
	at sun.reflect.DelegatingMethodAccessorImpl.invoke(Unknown Source)
	at java.lang.reflect.Method.invoke(Unknown Source)
	at org.testng.internal.MethodInvocationHelper.invokeMethod(MethodInvocationHelper.java:86)
	at org.testng.internal.Invoker.invokeConfigurationMethod(Invoker.java:514)
	at org.testng.internal.Invoker.invokeConfigurations(Invoker.java:215)
	at org.testng.internal.Invoker.invokeConfigurations(Invoker.java:142)
	at org.testng.internal.TestMethodWorker.invokeBeforeClassMethods(TestMethodWorker.java:178)
	at org.testng.internal.TestMethodWorker.run(TestMethodWorker.java:108)
	at org.testng.TestRunner.privateRun(TestRunner.java:782)
	at org.testng.TestRunner.run(TestRunner.java:632)
	at org.testng.SuiteRunner.runTest(SuiteRunner.java:366)
	at org.testng.SuiteRunner.runSequentially(SuiteRunner.java:361)
	at org.testng.SuiteRunner.privateRun(SuiteRunner.java:319)
	at org.testng.SuiteRunner.run(SuiteRunner.java:268)
	at org.testng.SuiteRunnerWorker.runSuite(SuiteRunnerWorker.java:52)
	at org.testng.SuiteRunnerWorker.run(SuiteRunnerWorker.java:86)
	at org.testng.TestNG.runSuitesSequentially(TestNG.java:1244)
	at org.testng.TestNG.runSuitesLocally(TestNG.java:1169)
	at org.testng.TestNG.run(TestNG.java:1064)
	at org.testng.remote.RemoteTestNG.run(RemoteTestNG.java:113)
	at org.testng.remote.RemoteTestNG.initAndRun(RemoteTestNG.java:206)
	at org.testng.remote.RemoteTestNG.main(RemoteTestNG.java:177)
Caused by: java.lang.reflect.InvocationTargetException
	at sun.reflect.NativeMethodAccessorImpl.invoke0(Native Method)
	at sun.reflect.NativeMethodAccessorImpl.invoke(Unknown Source)
	at sun.reflect.DelegatingMethodAccessorImpl.invoke(Unknown Source)
	at java.lang.reflect.Method.invoke(Unknown Source)
	at io.appium.java_client.remote.AppiumCommandExecutor$1.createSession(AppiumCommandExecutor.java:186)
	... 38 more
Caused by: org.openqa.selenium.WebDriverException: An unknown server-side error occurred while processing the command. Original error: Error executing adbExec. Original error: 'Command 'C:\\Users\\nasreenk\\AppData\\Local\\Android\\Sdk\\tools\\adb.exe -P 5037 -s 8SSCCMUCKV7SIVRG shell pm install /data/local/tmp/appium_cache/0ffb793d19257d3d08ad2d0ef7342bc229296741.apk' timed out after 90000ms'. Try to increase the 90000ms adb execution timeout represented by 'androidInstallTimeout' capability
Build info: version: '3.141.59', revision: 'e82be7d358', time: '2018-11-14T08:25:53'
System info: host: 'WJLP-1098', ip: '192.168.65.1', os.name: 'Windows 8.1', os.arch: 'x86', os.version: '6.3', java.version: '1.8.0_25'
Driver info: driver.version: AndroidDriver
remote stacktrace: UnknownError: An unknown server-side error occurred while processing the command. Original error: Error executing adbExec. Original error: 'Command 'C:\\Users\\nasreenk\\AppData\\Local\\Android\\Sdk\\tools\\adb.exe -P 5037 -s 8SSCCMUCKV7SIVRG shell pm install /data/local/tmp/appium_cache/0ffb793d19257d3d08ad2d0ef7342bc229296741.apk' timed out after 90000ms'. Try to increase the 90000ms adb execution timeout represented by 'androidInstallTimeout' capability
    at getResponseForW3CError (C:\Program Files\Appium\resources\app\node_modules\appium\node_modules\appium-base-driver\lib\protocol\errors.js:804:9)
    at asyncHandler (C:\Program Files\Appium\resources\app\node_modules\appium\node_modules\appium-base-driver\lib\protocol\protocol.js:388:37)
    at process._tickCallback (internal/process/next_tick.js:68:7)
	at sun.reflect.NativeConstructorAccessorImpl.newInstance0(Native Method)
	at sun.reflect.NativeConstructorAccessorImpl.newInstance(Unknown Source)
	at sun.reflect.DelegatingConstructorAccessorImpl.newInstance(Unknown Source)
	at java.lang.reflect.Constructor.newInstance(Unknown Source)
	at org.openqa.selenium.remote.W3CHandshakeResponse.lambda$errorHandler$0(W3CHandshakeResponse.java:62)
	at org.openqa.selenium.remote.W3CHandshakeResponse$$Lambda$190/8798458.apply(Unknown Source)
	at org.openqa.selenium.remote.HandshakeResponse.lambda$getResponseFunction$0(HandshakeResponse.java:30)
	at org.openqa.selenium.remote.HandshakeResponse$$Lambda$185/26141918.apply(Unknown Source)
	at org.openqa.selenium.remote.ProtocolHandshake.lambda$createSession$0(ProtocolHandshake.java:126)
	at org.openqa.selenium.remote.ProtocolHandshake$$Lambda$186/22144052.apply(Unknown Source)
	at java.util.stream.ReferencePipeline$3$1.accept(Unknown Source)
	at java.util.Spliterators$ArraySpliterator.tryAdvance(Unknown Source)
	at java.util.stream.ReferencePipeline.forEachWithCancel(Unknown Source)
	at java.util.stream.AbstractPipeline.copyIntoWithCancel(Unknown Source)
	at java.util.stream.AbstractPipeline.copyInto(Unknown Source)
	at java.util.stream.AbstractPipeline.wrapAndCopyInto(Unknown Source)
	at java.util.stream.FindOps$FindOp.evaluateSequential(Unknown Source)
	at java.util.stream.AbstractPipeline.evaluate(Unknown Source)
	at java.util.stream.ReferencePipeline.findFirst(Unknown Source)
	at org.openqa.selenium.remote.ProtocolHandshake.createSession(ProtocolHandshake.java:128)
	... 43 more
]]>
            </full-stacktrace>
          </exception> <!-- org.openqa.selenium.SessionNotCreatedException -->
          <reporter-output>
          </reporter-output>
        </test-method> <!-- beforeClass -->
        <test-method status="SKIP" signature="beforeMethod(java.lang.reflect.Method)[pri:0, instance:RamTestCases.Login@d2e7d9]" name="beforeMethod" is-config="true" duration-ms="0" started-at="2020-06-24T15:55:01Z" finished-at="2020-06-24T15:55:01Z">
          <reporter-output>
          </reporter-output>
        </test-method> <!-- beforeMethod -->
        <test-method status="SKIP" signature="AtTheHub()[pri:0, instance:RamTestCases.Login@d2e7d9]" name="AtTheHub" duration-ms="2" started-at="2020-06-24T15:55:01Z" description="To verify home screen" finished-at="2020-06-24T15:55:01Z">
          <reporter-output>
          </reporter-output>
        </test-method> <!-- AtTheHub -->
        <test-method status="SKIP" signature="afterMethod(org.testng.ITestResult)[pri:0, instance:RamTestCases.Login@d2e7d9]" name="afterMethod" is-config="true" duration-ms="0" started-at="2020-06-24T15:55:01Z" finished-at="2020-06-24T15:55:01Z">
          <reporter-output>
          </reporter-output>
        </test-method> <!-- afterMethod -->
        <test-method status="SKIP" signature="beforeMethod(java.lang.reflect.Method)[pri:0, instance:RamTestCases.Login@d2e7d9]" name="beforeMethod" is-config="true" duration-ms="0" started-at="2020-06-24T15:55:01Z" finished-at="2020-06-24T15:55:01Z">
          <reporter-output>
          </reporter-output>
        </test-method> <!-- beforeMethod -->
        <test-method status="SKIP" signature="LoginInvalidEnter12DigitId()[pri:1, instance:RamTestCases.Login@d2e7d9]" name="LoginInvalidEnter12DigitId" duration-ms="1" started-at="2020-06-24T15:55:01Z" description="validate Login by entering 12" finished-at="2020-06-24T15:55:01Z">
          <reporter-output>
          </reporter-output>
        </test-method> <!-- LoginInvalidEnter12DigitId -->
        <test-method status="SKIP" signature="afterMethod(org.testng.ITestResult)[pri:0, instance:RamTestCases.Login@d2e7d9]" name="afterMethod" is-config="true" duration-ms="0" started-at="2020-06-24T15:55:01Z" finished-at="2020-06-24T15:55:01Z">
          <reporter-output>
          </reporter-output>
        </test-method> <!-- afterMethod -->
        <test-method status="SKIP" signature="beforeMethod(java.lang.reflect.Method)[pri:0, instance:RamTestCases.Login@d2e7d9]" name="beforeMethod" is-config="true" duration-ms="0" started-at="2020-06-24T15:55:01Z" finished-at="2020-06-24T15:55:01Z">
          <reporter-output>
          </reporter-output>
        </test-method> <!-- beforeMethod -->
        <test-method status="SKIP" signature="LoginInvalidEnter14DigitId()[pri:2, instance:RamTestCases.Login@d2e7d9]" name="LoginInvalidEnter14DigitId" duration-ms="1" started-at="2020-06-24T15:55:01Z" description="validate by entering 14 digit " finished-at="2020-06-24T15:55:01Z">
          <reporter-output>
          </reporter-output>
        </test-method> <!-- LoginInvalidEnter14DigitId -->
        <test-method status="SKIP" signature="afterMethod(org.testng.ITestResult)[pri:0, instance:RamTestCases.Login@d2e7d9]" name="afterMethod" is-config="true" duration-ms="0" started-at="2020-06-24T15:55:01Z" finished-at="2020-06-24T15:55:01Z">
          <reporter-output>
          </reporter-output>
        </test-method> <!-- afterMethod -->
        <test-method status="SKIP" signature="beforeMethod(java.lang.reflect.Method)[pri:0, instance:RamTestCases.Login@d2e7d9]" name="beforeMethod" is-config="true" duration-ms="0" started-at="2020-06-24T15:55:01Z" finished-at="2020-06-24T15:55:01Z">
          <reporter-output>
          </reporter-output>
        </test-method> <!-- beforeMethod -->
        <test-method status="SKIP" signature="LoginValidDriverID()[pri:3, instance:RamTestCases.Login@d2e7d9]" name="LoginValidDriverID" duration-ms="1" started-at="2020-06-24T15:55:01Z" description="validate Login with valid ID" finished-at="2020-06-24T15:55:01Z">
          <reporter-output>
          </reporter-output>
        </test-method> <!-- LoginValidDriverID -->
        <test-method status="SKIP" signature="afterMethod(org.testng.ITestResult)[pri:0, instance:RamTestCases.Login@d2e7d9]" name="afterMethod" is-config="true" duration-ms="0" started-at="2020-06-24T15:55:01Z" finished-at="2020-06-24T15:55:01Z">
          <reporter-output>
          </reporter-output>
        </test-method> <!-- afterMethod -->
        <test-method status="SKIP" signature="beforeMethod(java.lang.reflect.Method)[pri:0, instance:RamTestCases.Login@d2e7d9]" name="beforeMethod" is-config="true" duration-ms="0" started-at="2020-06-24T15:55:01Z" finished-at="2020-06-24T15:55:01Z">
          <reporter-output>
          </reporter-output>
        </test-method> <!-- beforeMethod -->
        <test-method status="SKIP" signature="LoginInValidCrewMemberID()[pri:4, instance:RamTestCases.Login@d2e7d9]" name="LoginInValidCrewMemberID" duration-ms="1" started-at="2020-06-24T15:55:01Z" description="validate AddcrewMember with invalid ID" finished-at="2020-06-24T15:55:01Z">
          <reporter-output>
          </reporter-output>
        </test-method> <!-- LoginInValidCrewMemberID -->
        <test-method status="SKIP" signature="afterMethod(org.testng.ITestResult)[pri:0, instance:RamTestCases.Login@d2e7d9]" name="afterMethod" is-config="true" duration-ms="0" started-at="2020-06-24T15:55:01Z" finished-at="2020-06-24T15:55:01Z">
          <reporter-output>
          </reporter-output>
        </test-method> <!-- afterMethod -->
        <test-method status="SKIP" signature="beforeMethod(java.lang.reflect.Method)[pri:0, instance:RamTestCases.Login@d2e7d9]" name="beforeMethod" is-config="true" duration-ms="0" started-at="2020-06-24T15:55:01Z" finished-at="2020-06-24T15:55:01Z">
          <reporter-output>
          </reporter-output>
        </test-method> <!-- beforeMethod -->
        <test-method status="SKIP" signature="LoginValidCrewMemberID()[pri:5, instance:RamTestCases.Login@d2e7d9]" name="LoginValidCrewMemberID" duration-ms="1" started-at="2020-06-24T15:55:01Z" description="validate AddcrewMember with valid ID" finished-at="2020-06-24T15:55:01Z">
          <reporter-output>
          </reporter-output>
        </test-method> <!-- LoginValidCrewMemberID -->
        <test-method status="SKIP" signature="afterMethod(org.testng.ITestResult)[pri:0, instance:RamTestCases.Login@d2e7d9]" name="afterMethod" is-config="true" duration-ms="0" started-at="2020-06-24T15:55:01Z" finished-at="2020-06-24T15:55:01Z">
          <reporter-output>
          </reporter-output>
        </test-method> <!-- afterMethod -->
        <test-method status="SKIP" signature="beforeMethod(java.lang.reflect.Method)[pri:0, instance:RamTestCases.Login@d2e7d9]" name="beforeMethod" is-config="true" duration-ms="0" started-at="2020-06-24T15:55:01Z" finished-at="2020-06-24T15:55:01Z">
          <reporter-output>
          </reporter-output>
        </test-method> <!-- beforeMethod -->
        <test-method status="SKIP" signature="InvalidProceedToScan()[pri:6, instance:RamTestCases.Login@d2e7d9]" name="InvalidProceedToScan" duration-ms="2" started-at="2020-06-24T15:55:01Z" description="Proceed without entering id" finished-at="2020-06-24T15:55:01Z">
          <reporter-output>
          </reporter-output>
        </test-method> <!-- InvalidProceedToScan -->
        <test-method status="SKIP" signature="afterMethod(org.testng.ITestResult)[pri:0, instance:RamTestCases.Login@d2e7d9]" name="afterMethod" is-config="true" duration-ms="0" started-at="2020-06-24T15:55:01Z" finished-at="2020-06-24T15:55:01Z">
          <reporter-output>
          </reporter-output>
        </test-method> <!-- afterMethod -->
        <test-method status="SKIP" signature="beforeMethod(java.lang.reflect.Method)[pri:0, instance:RamTestCases.Login@d2e7d9]" name="beforeMethod" is-config="true" duration-ms="0" started-at="2020-06-24T15:55:01Z" finished-at="2020-06-24T15:55:01Z">
          <reporter-output>
          </reporter-output>
        </test-method> <!-- beforeMethod -->
        <test-method status="SKIP" signature="ValidProceedToScan()[pri:7, instance:RamTestCases.Login@d2e7d9]" name="ValidProceedToScan" duration-ms="1" started-at="2020-06-24T15:55:01Z" description="Validate Dont have scan ID" finished-at="2020-06-24T15:55:01Z">
          <reporter-output>
          </reporter-output>
        </test-method> <!-- ValidProceedToScan -->
        <test-method status="SKIP" signature="afterMethod(org.testng.ITestResult)[pri:0, instance:RamTestCases.Login@d2e7d9]" name="afterMethod" is-config="true" duration-ms="0" started-at="2020-06-24T15:55:01Z" finished-at="2020-06-24T15:55:01Z">
          <reporter-output>
          </reporter-output>
        </test-method> <!-- afterMethod -->
        <test-method status="SKIP" signature="beforeMethod(java.lang.reflect.Method)[pri:0, instance:RamTestCases.Login@d2e7d9]" name="beforeMethod" is-config="true" duration-ms="0" started-at="2020-06-24T15:55:01Z" finished-at="2020-06-24T15:55:01Z">
          <reporter-output>
          </reporter-output>
        </test-method> <!-- beforeMethod -->
        <test-method status="SKIP" signature="InvalidManifestID()[pri:8, instance:RamTestCases.Login@d2e7d9]" name="InvalidManifestID" duration-ms="1" started-at="2020-06-24T15:55:01Z" description="EnterMannually InvalidManifest ID" finished-at="2020-06-24T15:55:01Z">
          <reporter-output>
          </reporter-output>
        </test-method> <!-- InvalidManifestID -->
        <test-method status="SKIP" signature="afterMethod(org.testng.ITestResult)[pri:0, instance:RamTestCases.Login@d2e7d9]" name="afterMethod" is-config="true" duration-ms="0" started-at="2020-06-24T15:55:01Z" finished-at="2020-06-24T15:55:01Z">
          <reporter-output>
          </reporter-output>
        </test-method> <!-- afterMethod -->
        <test-method status="SKIP" signature="beforeMethod(java.lang.reflect.Method)[pri:0, instance:RamTestCases.Login@d2e7d9]" name="beforeMethod" is-config="true" duration-ms="0" started-at="2020-06-24T15:55:01Z" finished-at="2020-06-24T15:55:01Z">
          <reporter-output>
          </reporter-output>
        </test-method> <!-- beforeMethod -->
        <test-method status="SKIP" signature="ValidManifestID()[pri:9, instance:RamTestCases.Login@d2e7d9]" name="ValidManifestID" duration-ms="1" started-at="2020-06-24T15:55:01Z" description="EnterMannually InvalidManifest ID" finished-at="2020-06-24T15:55:01Z">
          <reporter-output>
          </reporter-output>
        </test-method> <!-- ValidManifestID -->
        <test-method status="SKIP" signature="afterMethod(org.testng.ITestResult)[pri:0, instance:RamTestCases.Login@d2e7d9]" name="afterMethod" is-config="true" duration-ms="0" started-at="2020-06-24T15:55:01Z" finished-at="2020-06-24T15:55:01Z">
          <reporter-output>
          </reporter-output>
        </test-method> <!-- afterMethod -->
        <test-method status="SKIP" signature="beforeMethod(java.lang.reflect.Method)[pri:0, instance:RamTestCases.Login@d2e7d9]" name="beforeMethod" is-config="true" duration-ms="0" started-at="2020-06-24T15:55:01Z" finished-at="2020-06-24T15:55:01Z">
          <reporter-output>
          </reporter-output>
        </test-method> <!-- beforeMethod -->
        <test-method status="SKIP" signature="InvalidConfirmNoOfParcel()[pri:10, instance:RamTestCases.Login@d2e7d9]" name="InvalidConfirmNoOfParcel" duration-ms="1" started-at="2020-06-24T15:55:01Z" description="ConfirmNo.Of parcel Invalid case" finished-at="2020-06-24T15:55:01Z">
          <reporter-output>
          </reporter-output>
        </test-method> <!-- InvalidConfirmNoOfParcel -->
        <test-method status="SKIP" signature="afterMethod(org.testng.ITestResult)[pri:0, instance:RamTestCases.Login@d2e7d9]" name="afterMethod" is-config="true" duration-ms="0" started-at="2020-06-24T15:55:01Z" finished-at="2020-06-24T15:55:01Z">
          <reporter-output>
          </reporter-output>
        </test-method> <!-- afterMethod -->
        <test-method status="SKIP" signature="beforeMethod(java.lang.reflect.Method)[pri:0, instance:RamTestCases.Login@d2e7d9]" name="beforeMethod" is-config="true" duration-ms="0" started-at="2020-06-24T15:55:01Z" finished-at="2020-06-24T15:55:01Z">
          <reporter-output>
          </reporter-output>
        </test-method> <!-- beforeMethod -->
        <test-method status="SKIP" signature="ValidConfirmNoOfParcel()[pri:11, instance:RamTestCases.Login@d2e7d9]" name="ValidConfirmNoOfParcel" duration-ms="1" started-at="2020-06-24T15:55:01Z" description="ConfirmNo.Of parcel  valid case" finished-at="2020-06-24T15:55:01Z">
          <reporter-output>
          </reporter-output>
        </test-method> <!-- ValidConfirmNoOfParcel -->
        <test-method status="SKIP" signature="afterMethod(org.testng.ITestResult)[pri:0, instance:RamTestCases.Login@d2e7d9]" name="afterMethod" is-config="true" duration-ms="0" started-at="2020-06-24T15:55:01Z" finished-at="2020-06-24T15:55:01Z">
          <reporter-output>
          </reporter-output>
        </test-method> <!-- afterMethod -->
        <test-method status="SKIP" signature="beforeMethod(java.lang.reflect.Method)[pri:0, instance:RamTestCases.Login@d2e7d9]" name="beforeMethod" is-config="true" duration-ms="0" started-at="2020-06-24T15:55:01Z" finished-at="2020-06-24T15:55:01Z">
          <reporter-output>
          </reporter-output>
        </test-method> <!-- beforeMethod -->
        <test-method status="SKIP" signature="InValidVehicleID()[pri:12, instance:RamTestCases.Login@d2e7d9]" name="InValidVehicleID" duration-ms="1" started-at="2020-06-24T15:55:01Z" description="InValidVehicle No." finished-at="2020-06-24T15:55:01Z">
          <reporter-output>
          </reporter-output>
        </test-method> <!-- InValidVehicleID -->
        <test-method status="SKIP" signature="afterMethod(org.testng.ITestResult)[pri:0, instance:RamTestCases.Login@d2e7d9]" name="afterMethod" is-config="true" duration-ms="0" started-at="2020-06-24T15:55:01Z" finished-at="2020-06-24T15:55:01Z">
          <reporter-output>
          </reporter-output>
        </test-method> <!-- afterMethod -->
        <test-method status="SKIP" signature="beforeMethod(java.lang.reflect.Method)[pri:0, instance:RamTestCases.Login@d2e7d9]" name="beforeMethod" is-config="true" duration-ms="0" started-at="2020-06-24T15:55:01Z" finished-at="2020-06-24T15:55:01Z">
          <reporter-output>
          </reporter-output>
        </test-method> <!-- beforeMethod -->
        <test-method status="SKIP" signature="ValidVehicleID()[pri:13, instance:RamTestCases.Login@d2e7d9]" name="ValidVehicleID" duration-ms="1" started-at="2020-06-24T15:55:01Z" description="Enter Valid Vehicle No." finished-at="2020-06-24T15:55:01Z">
          <reporter-output>
          </reporter-output>
        </test-method> <!-- ValidVehicleID -->
        <test-method status="SKIP" signature="afterMethod(org.testng.ITestResult)[pri:0, instance:RamTestCases.Login@d2e7d9]" name="afterMethod" is-config="true" duration-ms="0" started-at="2020-06-24T15:55:01Z" finished-at="2020-06-24T15:55:01Z">
          <reporter-output>
          </reporter-output>
        </test-method> <!-- afterMethod -->
        <test-method status="SKIP" signature="beforeMethod(java.lang.reflect.Method)[pri:0, instance:RamTestCases.Login@d2e7d9]" name="beforeMethod" is-config="true" duration-ms="0" started-at="2020-06-24T15:55:01Z" finished-at="2020-06-24T15:55:01Z">
          <reporter-output>
          </reporter-output>
        </test-method> <!-- beforeMethod -->
        <test-method status="SKIP" signature="InvalidOdoMeterReading()[pri:14, instance:RamTestCases.Login@d2e7d9]" name="InvalidOdoMeterReading" duration-ms="1" started-at="2020-06-24T15:55:01Z" description="Invalid Odo reading" finished-at="2020-06-24T15:55:01Z">
          <reporter-output>
          </reporter-output>
        </test-method> <!-- InvalidOdoMeterReading -->
        <test-method status="SKIP" signature="afterMethod(org.testng.ITestResult)[pri:0, instance:RamTestCases.Login@d2e7d9]" name="afterMethod" is-config="true" duration-ms="0" started-at="2020-06-24T15:55:01Z" finished-at="2020-06-24T15:55:01Z">
          <reporter-output>
          </reporter-output>
        </test-method> <!-- afterMethod -->
        <test-method status="SKIP" signature="beforeMethod(java.lang.reflect.Method)[pri:0, instance:RamTestCases.Login@d2e7d9]" name="beforeMethod" is-config="true" duration-ms="0" started-at="2020-06-24T15:55:01Z" finished-at="2020-06-24T15:55:01Z">
          <reporter-output>
          </reporter-output>
        </test-method> <!-- beforeMethod -->
        <test-method status="SKIP" signature="ValidOdoMeterReading()[pri:15, instance:RamTestCases.Login@d2e7d9]" name="ValidOdoMeterReading" duration-ms="1" started-at="2020-06-24T15:55:02Z" description="Valid Odometer reading" finished-at="2020-06-24T15:55:02Z">
          <reporter-output>
          </reporter-output>
        </test-method> <!-- ValidOdoMeterReading -->
        <test-method status="SKIP" signature="afterMethod(org.testng.ITestResult)[pri:0, instance:RamTestCases.Login@d2e7d9]" name="afterMethod" is-config="true" duration-ms="0" started-at="2020-06-24T15:55:02Z" finished-at="2020-06-24T15:55:02Z">
          <reporter-output>
          </reporter-output>
        </test-method> <!-- afterMethod -->
        <test-method status="SKIP" signature="beforeMethod(java.lang.reflect.Method)[pri:0, instance:RamTestCases.Login@d2e7d9]" name="beforeMethod" is-config="true" duration-ms="0" started-at="2020-06-24T15:55:02Z" finished-at="2020-06-24T15:55:02Z">
          <reporter-output>
          </reporter-output>
        </test-method> <!-- beforeMethod -->
        <test-method status="SKIP" signature="TapOnOnTheRoad()[pri:16, instance:RamTestCases.Login@d2e7d9]" name="TapOnOnTheRoad" duration-ms="1" started-at="2020-06-24T15:55:02Z" description="Click on On the road Icon" finished-at="2020-06-24T15:55:02Z">
          <reporter-output>
          </reporter-output>
        </test-method> <!-- TapOnOnTheRoad -->
        <test-method status="SKIP" signature="afterMethod(org.testng.ITestResult)[pri:0, instance:RamTestCases.Login@d2e7d9]" name="afterMethod" is-config="true" duration-ms="0" started-at="2020-06-24T15:55:02Z" finished-at="2020-06-24T15:55:02Z">
          <reporter-output>
          </reporter-output>
        </test-method> <!-- afterMethod -->
        <test-method status="SKIP" signature="End()[pri:0, instance:RamTestCases.Login@d2e7d9]" name="End" is-config="true" duration-ms="0" started-at="2020-06-24T15:55:02Z" finished-at="2020-06-24T15:55:02Z">
          <reporter-output>
          </reporter-output>
        </test-method> <!-- End -->
      </class> <!-- RamTestCases.Login -->
    </test> <!-- Default test -->
  </suite> <!-- Default suite -->
</testng-results>
